<?xml version="1.0" encoding="UTF-8"?>
<!-- Generated by org.testng.reporters.JUnitReportReporter -->
<testsuite hostname="Q10045" name="com.erp.master.Uom" tests="4" failures="0" timestamp="24 Aug 2016 06:16:35 GMT" time="91.625" errors="0">
  <testcase name="uomcreataion" time="23.234" classname="com.erp.master.Uom"/>
  <testcase name="uomcreataion" time="23.066" classname="com.erp.master.Uom"/>
  <testcase name="uomcreataion" time="22.479" classname="com.erp.master.Uom"/>
  <testcase name="uomcreataion" time="22.846" classname="com.erp.master.Uom"/>
</testsuite> <!-- com.erp.master.Uom -->
