<?xml version="1.0" encoding="UTF-8"?>
<!-- Generated by org.testng.reporters.JUnitReportReporter -->
<testsuite hostname="Q10045" name="com.erp.master.Pomframe1" tests="1" failures="0" timestamp="25 Aug 2016 06:23:03 GMT" time="119.855" errors="0">
  <testcase name="supcreation" time="119.855" classname="com.erp.master.Pomframe1"/>
</testsuite> <!-- com.erp.master.Pomframe1 -->
